        -:    0:Source:Password.cpp
        -:    0:Graph:Password.gcno
        -:    0:Data:Password.gcda
        -:    0:Runs:1
        -:    1:#include "Password.h"
        -:    2:#include <string>
        -:    3:#include <iostream>
        -:    4:
        -:    5:using std::string;
        -:    6:
        -:    7:/*
        -:    8:  The function receives a string counts how many times the same character
        -:    9:  occurs at the beginning of the string, before any other characters (or the
        -:   10:  end of the string). The function is case-sensitive so 'Z' is different than
        -:   11:  'z' and any ASCII characters are allowed.
        -:   12:*/
       13:   13:int Password::count_leading_characters(string phrase) {
       13:   14:    int repetition = 1;
       13:   15:    int index = 0;
       19:   16:    while (index < phrase.length() - 1 && phrase[index] == phrase[index + 1]) {
        6:   17:        repetition++;
        6:   18:        index++;
        -:   19:    }
       13:   20:    return repetition;
        -:   21:}
        -:   22:
        -:   23:#include <cctype>
       14:   24:bool Password::has_mixed_case(string str)
        -:   25:{
       14:   26:    bool has_lower = false;
       14:   27:    bool has_upper = false;
      139:   28:    for (char ch : str)
        -:   29:    {
      125:   30:        if (std::islower(ch))
        -:   31:        {
      104:   32:            has_lower = true;
        -:   33:        }
       21:   34:        else if (std::isupper(ch))
        -:   35:        {
        8:   36:            has_upper = true;
        -:   37:        }
        -:   38:    }
       14:   39:    return has_lower && has_upper;
        -:   40:}
        -:   41:
       19:   42:Password::Password() {
       19:   43:    pass_history.push_back("ChicoCA-95929");
       19:   44:}
        -:   45:
       10:   46:void Password::set(string pw) {
        -:   47:    /*int chars = pw.length();
        -:   48:    bool mixed_case = has_mixed_case(pw);
        -:   49:    int leading_chars = count_leading_characters(pw);
        -:   50:    bool previously_used = false;
        -:   51:
        -:   52:    for (int i = 0; i < pass_history.size(); i++) {
        -:   53:        if (pass_history[i] == pw) {
        -:   54:            previously_used = true;
        -:   55:            break;
        -:   56:        }
        -:   57:    }
        -:   58:
        -:   59:    if (chars <= 20 && chars >= 8) {
        -:   60:        if (mixed_case == true) {
        -:   61:            if (previously_used == false) {
        -:   62:                if (leading_chars <= 3) {
        -:   63:                    pass_history.push_back(pw);
        -:   64:                }
        -:   65:            }
        -:   66:        }
        -:   67:    }*/
       10:   68:    bool previously_used = false;
        -:   69:
       21:   70:    for (int i = 0; i < pass_history.size(); i++) {
       12:   71:        if (pass_history[i] == pw) {
        1:   72:            previously_used = true;
        1:   73:            break;
        -:   74:        }
        -:   75:    }
        -:   76:
      10*:   77:    if (pw.length() <= 20 || pw.length() >= 8) {
       10:   78:        if (has_mixed_case(pw) == true) {
        6:   79:            if (count_leading_characters(pw) <= 3) {
        5:   80:                if (previously_used == false) {
        4:   81:                    pass_history.push_back(pw);
        -:   82:                }
        -:   83:            }
        -:   84:        }
        -:   85:    }
       10:   86:}
        -:   87:
        8:   88:bool Password::authenticate(string pw) {
        8:   89:    if (pass_history.back() == pw) {
        2:   90:        return true;
        -:   91:    }
        6:   92:    return false;
        -:   93:}
